#
# There is insufficient memory for the Java Runtime Environment to continue.
# Native memory allocation (malloc) failed to allocate 1157856 bytes for Chunk::new
# Possible reasons:
#   The system is out of physical RAM or swap space
#   In 32 bit mode, the process size limit was hit
# Possible solutions:
#   Reduce memory load on the system
#   Increase physical memory or swap space
#   Check if swap backing store is full
#   Use 64 bit Java on a 64 bit OS
#   Decrease Java heap size (-Xmx/-Xms)
#   Decrease number of Java threads
#   Decrease Java thread stack sizes (-Xss)
#   Set larger code cache with -XX:ReservedCodeCacheSize=
# This output file may be truncated or incomplete.
#
#  Out of Memory Error (allocation.cpp:390), pid=3824, tid=0x0000000000003154
#
# JRE version: Java(TM) SE Runtime Environment (8.0_131-b11) (build 1.8.0_131-b11)
# Java VM: Java HotSpot(TM) 64-Bit Server VM (25.131-b11 mixed mode windows-amd64 compressed oops)
# Failed to write core dump. Minidumps are not enabled by default on client versions of Windows
#

---------------  T H R E A D  ---------------

Current thread (0x0000000016b34000):  JavaThread "C2 CompilerThread1" daemon [_thread_in_native, id=12628, stack(0x0000000018290000,0x0000000018390000)]

Stack: [0x0000000018290000,0x0000000018390000]
[error occurred during error reporting (printing stack bounds), id 0xc0000005]

Native frames: (J=compiled Java code, j=interpreted, Vv=VM code, C=native code)


Current CompileTask:
C2:   6858 3079   !   4       java.net.URLClassLoader$1::run (63 bytes)


---------------  P R O C E S S  ---------------

Java Threads: ( => current thread )
  0x000000001daee000 JavaThread "Build operations Thread 4" [_thread_blocked, id=2404, stack(0x0000000022270000,0x0000000022370000)]
  0x000000001daed000 JavaThread "Build operations Thread 3" [_thread_blocked, id=7600, stack(0x0000000022170000,0x0000000022270000)]
  0x000000001daec800 JavaThread "Build operations Thread 2" [_thread_blocked, id=16196, stack(0x0000000022070000,0x0000000022170000)]
  0x000000001daeb800 JavaThread "Build operations" [_thread_blocked, id=12900, stack(0x0000000021f70000,0x0000000022070000)]
  0x000000001daea000 JavaThread "Cache worker for execution history cache (C:\Users\USER\.gradle\caches\5.1.1\executionHistory)" [_thread_blocked, id=9400, stack(0x0000000021c70000,0x0000000021d70000)]
  0x000000001daeb000 JavaThread "Cache worker for cache directory md-rule (C:\Users\USER\.gradle\caches\5.1.1\md-rule)" [_thread_blocked, id=14516, stack(0x0000000021b70000,0x0000000021c70000)]
  0x000000001dae9800 JavaThread "Cache worker for cache directory md-supplier (C:\Users\USER\.gradle\caches\5.1.1\md-supplier)" [_thread_blocked, id=3468, stack(0x00000000204f0000,0x00000000205f0000)]
  0x0000000019e59000 JavaThread "Cache worker for file hash cache (C:\Udemy\Kotlin\DevByteViewer\.gradle\5.1.1\fileHashes)" [_thread_blocked, id=9052, stack(0x000000001cac0000,0x000000001cbc0000)]
  0x0000000019e5d000 JavaThread "Cache worker for journal cache (C:\Users\USER\.gradle\caches\journal-1)" [_thread_blocked, id=12060, stack(0x000000001b7f0000,0x000000001b8f0000)]
  0x0000000019e5f000 JavaThread "File lock request listener" [_thread_in_native, id=8072, stack(0x000000001b5f0000,0x000000001b6f0000)]
  0x0000000019e58800 JavaThread "Cache worker for file hash cache (C:\Users\USER\.gradle\caches\5.1.1\fileHashes)" [_thread_blocked, id=11472, stack(0x000000001b4f0000,0x000000001b5f0000)]
  0x0000000019c9c000 JavaThread "Thread-9" [_thread_blocked, id=3256, stack(0x000000001b1f0000,0x000000001b2f0000)]
  0x0000000019c92800 JavaThread "Stdin handler" [_thread_blocked, id=14916, stack(0x000000001b0f0000,0x000000001b1f0000)]
  0x0000000019c90000 JavaThread "Asynchronous log dispatcher for DefaultDaemonConnection: socket connection from /127.0.0.1:58151 to /127.0.0.1:58152" [_thread_blocked, id=1604, stack(0x000000001aff0000,0x000000001b0f0000)]
  0x0000000019c8e800 JavaThread "Daemon worker" [_thread_in_native, id=13172, stack(0x000000001aef0000,0x000000001aff0000)]
  0x0000000019c8b800 JavaThread "Cancel handler" [_thread_blocked, id=9076, stack(0x000000001adf0000,0x000000001aef0000)]
  0x00000000190e2000 JavaThread "Handler for socket connection from /127.0.0.1:58151 to /127.0.0.1:58152" [_thread_in_native, id=7056, stack(0x000000001acf0000,0x000000001adf0000)]
  0x00000000190e4000 JavaThread "Daemon" [_thread_blocked, id=11880, stack(0x000000001abf0000,0x000000001acf0000)]
  0x0000000019ca0000 JavaThread "Daemon periodic checks" [_thread_blocked, id=13628, stack(0x000000001aaf0000,0x000000001abf0000)]
  0x0000000019ca3000 JavaThread "Incoming local TCP Connector on port 58151" [_thread_in_native, id=2808, stack(0x000000001a8a0000,0x000000001a9a0000)]
  0x0000000019d46000 JavaThread "Daemon health stats" [_thread_blocked, id=3896, stack(0x000000001a260000,0x000000001a360000)]
  0x00000000184c0800 JavaThread "Service Thread" daemon [_thread_blocked, id=11200, stack(0x0000000018890000,0x0000000018990000)]
  0x0000000016b3d000 JavaThread "C1 CompilerThread2" daemon [_thread_blocked, id=15348, stack(0x0000000018390000,0x0000000018490000)]
=>0x0000000016b34000 JavaThread "C2 CompilerThread1" daemon [_thread_in_native, id=12628, stack(0x0000000018290000,0x0000000018390000)]
  0x0000000016b32000 JavaThread "C2 CompilerThread0" daemon [_thread_in_native, id=5164, stack(0x0000000018190000,0x0000000018290000)]
  0x0000000016b30000 JavaThread "Attach Listener" daemon [_thread_blocked, id=1028, stack(0x0000000018090000,0x0000000018190000)]
  0x0000000016b2f000 JavaThread "Signal Dispatcher" daemon [_thread_blocked, id=1352, stack(0x0000000017f90000,0x0000000018090000)]
  0x00000000031bd000 JavaThread "Finalizer" daemon [_thread_blocked, id=4404, stack(0x0000000017d80000,0x0000000017e80000)]
  0x0000000016af9000 JavaThread "Reference Handler" daemon [_thread_blocked, id=16896, stack(0x0000000017c80000,0x0000000017d80000)]
  0x00000000030c2800 JavaThread "main" [_thread_blocked, id=11236, stack(0x0000000002fc0000,0x00000000030c0000)]

Other Threads:
  0x0000000016af7800 VMThread [stack: 0x0000000017b80000,0x0000000017c80000] [id=16268]
  0x00000000184e3800 WatcherThread [stack: 0x0000000018990000,0x0000000018a90000] [id=16048]

VM state:not at safepoint (normal execution)

VM Mutex/Monitor currently owned by a thread: None

Heap:
 PSYoungGen      total 157696K, used 2748K [0x00000000e0000000, 0x00000000eaf80000, 0x0000000100000000)
  eden space 145408K, 1% used [0x00000000e0000000,0x00000000e02af348,0x00000000e8e00000)
  from space 12288K, 0% used [0x00000000e9c80000,0x00000000e9c80000,0x00000000ea880000)
  to   space 14848K, 0% used [0x00000000e8e00000,0x00000000e8e00000,0x00000000e9c80000)
 ParOldGen       total 142336K, used 20263K [0x00000000a0000000, 0x00000000a8b00000, 0x00000000e0000000)
  object space 142336K, 14% used [0x00000000a0000000,0x00000000a13c9ea8,0x00000000a8b00000)
 Metaspace       used 34750K, capacity 35392K, committed 35752K, reserved 1079296K
  class space    used 4893K, capacity 5135K, committed 5168K, reserved 1048576K

Card table byte_map: [0x0000000012580000,0x0000000012890000] byte_map_base: 0x0000000012080000

Marking Bits: (ParMarkBitMap*) 0x000000005c08c720
 Begin Bits: [0x0000000012e90000, 0x0000000014690000)
 End Bits:   [0x0000000014690000, 0x0000000015e90000)

Polling page: 0x0000000001170000

CodeCache: size=245760Kb used=9812Kb max_used=9920Kb free=235947Kb
 bounds [0x00000000031c0000, 0x0000000003b80000, 0x00000000121c0000]
 total_blobs=3595 nmethods=2890 adapters=615
 compilation: enabled

Compilation events (10 events):
Event: 6.662 Thread 0x0000000016b3d000 3117       3       com.google.common.collect.MapMakerInternalMap$Segment::getLiveEntry (7 bytes)
Event: 6.662 Thread 0x0000000016b3d000 nmethod 3117 0x0000000003749910 code [0x0000000003749a80, 0x0000000003749c88]
Event: 6.685 Thread 0x0000000016b3d000 3118       3       java.lang.String::isEmpty (14 bytes)
Event: 6.685 Thread 0x0000000016b3d000 nmethod 3118 0x0000000003749110 code [0x0000000003749260, 0x0000000003749410]
Event: 6.685 Thread 0x0000000016b3d000 3119       1       java.util.logging.LogManager::access$500 (5 bytes)
Event: 6.685 Thread 0x0000000016b3d000 nmethod 3119 0x0000000003748e50 code [0x0000000003748fa0, 0x0000000003749090]
Event: 6.850 Thread 0x0000000016b3d000 3120   !   3       java.lang.ref.Reference::tryHandlePending (115 bytes)
Event: 6.852 Thread 0x0000000016b3d000 nmethod 3120 0x0000000003746150 code [0x0000000003746380, 0x0000000003747028]
Event: 6.853 Thread 0x0000000016b3d000 3124   !   3       java.io.FileInputStream::close (62 bytes)
Event: 6.854 Thread 0x0000000016b3d000 nmethod 3124 0x0000000003745750 code [0x00000000037458e0, 0x0000000003745f58]

GC Heap History (10 events):
Event: 3.640 GC heap before
{Heap before GC invocations=4 (full 0):
 PSYoungGen      total 57344K, used 31741K [0x00000000e0000000, 0x00000000e7000000, 0x0000000100000000)
  eden space 49152K, 47% used [0x00000000e0000000,0x00000000e16ffed8,0x00000000e3000000)
  from space 8192K, 99% used [0x00000000e3000000,0x00000000e37ff800,0x00000000e3800000)
  to   space 8192K, 0% used [0x00000000e6800000,0x00000000e6800000,0x00000000e7000000)
 ParOldGen       total 131072K, used 1410K [0x00000000a0000000, 0x00000000a8000000, 0x00000000e0000000)
  object space 131072K, 1% used [0x00000000a0000000,0x00000000a0160bb0,0x00000000a8000000)
 Metaspace       used 20792K, capacity 21116K, committed 21296K, reserved 1067008K
  class space    used 2954K, capacity 3104K, committed 3120K, reserved 1048576K
Event: 3.652 GC heap after
Heap after GC invocations=4 (full 0):
 PSYoungGen      total 106496K, used 8172K [0x00000000e0000000, 0x00000000e7000000, 0x0000000100000000)
  eden space 98304K, 0% used [0x00000000e0000000,0x00000000e0000000,0x00000000e6000000)
  from space 8192K, 99% used [0x00000000e6800000,0x00000000e6ffb388,0x00000000e7000000)
  to   space 8192K, 0% used [0x00000000e6000000,0x00000000e6000000,0x00000000e6800000)
 ParOldGen       total 131072K, used 2418K [0x00000000a0000000, 0x00000000a8000000, 0x00000000e0000000)
  object space 131072K, 1% used [0x00000000a0000000,0x00000000a025ca50,0x00000000a8000000)
 Metaspace       used 20792K, capacity 21116K, committed 21296K, reserved 1067008K
  class space    used 2954K, capacity 3104K, committed 3120K, reserved 1048576K
}
Event: 3.652 GC heap before
{Heap before GC invocations=5 (full 1):
 PSYoungGen      total 106496K, used 8172K [0x00000000e0000000, 0x00000000e7000000, 0x0000000100000000)
  eden space 98304K, 0% used [0x00000000e0000000,0x00000000e0000000,0x00000000e6000000)
  from space 8192K, 99% used [0x00000000e6800000,0x00000000e6ffb388,0x00000000e7000000)
  to   space 8192K, 0% used [0x00000000e6000000,0x00000000e6000000,0x00000000e6800000)
 ParOldGen       total 131072K, used 2418K [0x00000000a0000000, 0x00000000a8000000, 0x00000000e0000000)
  object space 131072K, 1% used [0x00000000a0000000,0x00000000a025ca50,0x00000000a8000000)
 Metaspace       used 20792K, capacity 21116K, committed 21296K, reserved 1067008K
  class space    used 2954K, capacity 3104K, committed 3120K, reserved 1048576K
Event: 3.700 GC heap after
Heap after GC invocations=5 (full 1):
 PSYoungGen      total 106496K, used 0K [0x00000000e0000000, 0x00000000e7000000, 0x0000000100000000)
  eden space 98304K, 0% used [0x00000000e0000000,0x00000000e0000000,0x00000000e6000000)
  from space 8192K, 0% used [0x00000000e6800000,0x00000000e6800000,0x00000000e7000000)
  to   space 8192K, 0% used [0x00000000e6000000,0x00000000e6000000,0x00000000e6800000)
 ParOldGen       total 82432K, used 9017K [0x00000000a0000000, 0x00000000a5080000, 0x00000000e0000000)
  object space 82432K, 10% used [0x00000000a0000000,0x00000000a08ce568,0x00000000a5080000)
 Metaspace       used 20792K, capacity 21116K, committed 21296K, reserved 1067008K
  class space    used 2954K, capacity 3104K, committed 3120K, reserved 1048576K
}
Event: 5.189 GC heap before
{Heap before GC invocations=6 (full 1):
 PSYoungGen      total 106496K, used 98304K [0x00000000e0000000, 0x00000000e7000000, 0x0000000100000000)
  eden space 98304K, 100% used [0x00000000e0000000,0x00000000e6000000,0x00000000e6000000)
  from space 8192K, 0% used [0x00000000e6800000,0x00000000e6800000,0x00000000e7000000)
  to   space 8192K, 0% used [0x00000000e6000000,0x00000000e6000000,0x00000000e6800000)
 ParOldGen       total 82432K, used 9017K [0x00000000a0000000, 0x00000000a5080000, 0x00000000e0000000)
  object space 82432K, 10% used [0x00000000a0000000,0x00000000a08ce568,0x00000000a5080000)
 Metaspace       used 29427K, capacity 29828K, committed 30256K, reserved 1075200K
  class space    used 4087K, capacity 4275K, committed 4400K, reserved 1048576K
Event: 5.200 GC heap after
Heap after GC invocations=6 (full 1):
 PSYoungGen      total 106496K, used 8184K [0x00000000e0000000, 0x00000000ea880000, 0x0000000100000000)
  eden space 98304K, 0% used [0x00000000e0000000,0x00000000e0000000,0x00000000e6000000)
  from space 8192K, 99% used [0x00000000e6000000,0x00000000e67fe180,0x00000000e6800000)
  to   space 12288K, 0% used [0x00000000e9c80000,0x00000000e9c80000,0x00000000ea880000)
 ParOldGen       total 82432K, used 10768K [0x00000000a0000000, 0x00000000a5080000, 0x00000000e0000000)
  object space 82432K, 13% used [0x00000000a0000000,0x00000000a0a843b0,0x00000000a5080000)
 Metaspace       used 29427K, capacity 29828K, committed 30256K, reserved 1075200K
  class space    used 4087K, capacity 4275K, committed 4400K, reserved 1048576K
}
Event: 6.687 GC heap before
{Heap before GC invocations=7 (full 1):
 PSYoungGen      total 106496K, used 98122K [0x00000000e0000000, 0x00000000ea880000, 0x0000000100000000)
  eden space 98304K, 91% used [0x00000000e0000000,0x00000000e57d4918,0x00000000e6000000)
  from space 8192K, 99% used [0x00000000e6000000,0x00000000e67fe180,0x00000000e6800000)
  to   space 12288K, 0% used [0x00000000e9c80000,0x00000000e9c80000,0x00000000ea880000)
 ParOldGen       total 82432K, used 10768K [0x00000000a0000000, 0x00000000a5080000, 0x00000000e0000000)
  object space 82432K, 13% used [0x00000000a0000000,0x00000000a0a843b0,0x00000000a5080000)
 Metaspace       used 34708K, capacity 35338K, committed 35496K, reserved 1079296K
  class space    used 4883K, capacity 5110K, committed 5168K, reserved 1048576K
Event: 6.714 GC heap after
Heap after GC invocations=7 (full 1):
 PSYoungGen      total 157696K, used 12257K [0x00000000e0000000, 0x00000000eaf80000, 0x0000000100000000)
  eden space 145408K, 0% used [0x00000000e0000000,0x00000000e0000000,0x00000000e8e00000)
  from space 12288K, 99% used [0x00000000e9c80000,0x00000000ea878728,0x00000000ea880000)
  to   space 14848K, 0% used [0x00000000e8e00000,0x00000000e8e00000,0x00000000e9c80000)
 ParOldGen       total 82432K, used 12285K [0x00000000a0000000, 0x00000000a5080000, 0x00000000e0000000)
  object space 82432K, 14% used [0x00000000a0000000,0x00000000a0bff7e8,0x00000000a5080000)
 Metaspace       used 34708K, capacity 35338K, committed 35496K, reserved 1079296K
  class space    used 4883K, capacity 5110K, committed 5168K, reserved 1048576K
}
Event: 6.714 GC heap before
{Heap before GC invocations=8 (full 2):
 PSYoungGen      total 157696K, used 12257K [0x00000000e0000000, 0x00000000eaf80000, 0x0000000100000000)
  eden space 145408K, 0% used [0x00000000e0000000,0x00000000e0000000,0x00000000e8e00000)
  from space 12288K, 99% used [0x00000000e9c80000,0x00000000ea878728,0x00000000ea880000)
  to   space 14848K, 0% used [0x00000000e8e00000,0x00000000e8e00000,0x00000000e9c80000)
 ParOldGen       total 82432K, used 12285K [0x00000000a0000000, 0x00000000a5080000, 0x00000000e0000000)
  object space 82432K, 14% used [0x00000000a0000000,0x00000000a0bff7e8,0x00000000a5080000)
 Metaspace       used 34708K, capacity 35338K, committed 35496K, reserved 1079296K
  class space    used 4883K, capacity 5110K, committed 5168K, reserved 1048576K
Event: 6.850 GC heap after
Heap after GC invocations=8 (full 2):
 PSYoungGen      total 157696K, used 0K [0x00000000e0000000, 0x00000000eaf80000, 0x0000000100000000)
  eden space 145408K, 0% used [0x00000000e0000000,0x00000000e0000000,0x00000000e8e00000)
  from space 12288K, 0% used [0x00000000e9c80000,0x00000000e9c80000,0x00000000ea880000)
  to   space 14848K, 0% used [0x00000000e8e00000,0x00000000e8e00000,0x00000000e9c80000)
 ParOldGen       total 142336K, used 20263K [0x00000000a0000000, 0x00000000a8b00000, 0x00000000e0000000)
  object space 142336K, 14% used [0x00000000a0000000,0x00000000a13c9ea8,0x00000000a8b00000)
 Metaspace       used 34696K, capacity 35296K, committed 35496K, reserved 1079296K
  class space    used 4879K, capacity 5103K, committed 5168K, reserved 1048576K
}

Deoptimization events (10 events):
Event: 5.967 Thread 0x000000001daec800 Uncommon trap: reason=unstable_if action=reinterpret pc=0x000000000357a9a0 method=java.util.concurrent.ConcurrentHashMap.addCount(JI)V @ 34
Event: 6.256 Thread 0x0000000019c8e800 Uncommon trap: reason=range_check action=make_not_entrant pc=0x0000000003a797b8 method=java.lang.String.charAt(I)C @ 27
Event: 6.483 Thread 0x0000000019c8e800 Uncommon trap: reason=bimorphic action=maybe_recompile pc=0x00000000039e61a8 method=java.lang.ClassLoader.getPackage(Ljava/lang/String;)Ljava/lang/Package; @ 47
Event: 6.488 Thread 0x0000000019c8e800 Uncommon trap: reason=bimorphic action=maybe_recompile pc=0x00000000039e61a8 method=java.lang.ClassLoader.getPackage(Ljava/lang/String;)Ljava/lang/Package; @ 47
Event: 6.492 Thread 0x0000000019c8e800 Uncommon trap: reason=bimorphic action=maybe_recompile pc=0x00000000039e61a8 method=java.lang.ClassLoader.getPackage(Ljava/lang/String;)Ljava/lang/Package; @ 47
Event: 6.494 Thread 0x0000000019c8e800 Uncommon trap: reason=bimorphic action=maybe_recompile pc=0x00000000039e61a8 method=java.lang.ClassLoader.getPackage(Ljava/lang/String;)Ljava/lang/Package; @ 47
Event: 6.498 Thread 0x0000000019c8e800 Uncommon trap: reason=bimorphic action=maybe_recompile pc=0x00000000039b9d90 method=java.lang.ClassLoader.getPackage(Ljava/lang/String;)Ljava/lang/Package; @ 47
Event: 6.574 Thread 0x0000000019c8e800 Uncommon trap: reason=class_check action=maybe_recompile pc=0x0000000003aac918 method=java.io.BufferedInputStream.read1([BII)I @ 39
Event: 6.574 Thread 0x0000000019c8e800 Uncommon trap: reason=class_check action=maybe_recompile pc=0x0000000003aac918 method=java.io.BufferedInputStream.read1([BII)I @ 39
Event: 6.574 Thread 0x0000000019c8e800 Uncommon trap: reason=class_check action=maybe_recompile pc=0x0000000003aac918 method=java.io.BufferedInputStream.read1([BII)I @ 39

Internal exceptions (10 events):
Event: 6.425 Thread 0x0000000019c8e800 Exception <a 'java/lang/ClassNotFoundException': org/gradle/api/internal/AbstractTaskBeanInfo> (0x00000000e4aecad8) thrown at [C:\re\workspace\8-2-build-windows-amd64-cygwin\jdk8u131\8869\hotspot\src\share\vm\classfile\systemDictionary.cpp, line 210]
Event: 6.426 Thread 0x0000000019c8e800 Exception <a 'java/lang/ClassNotFoundException': org/gradle/api/internal/AbstractTaskCustomizer> (0x00000000e4b1e418) thrown at [C:\re\workspace\8-2-build-windows-amd64-cygwin\jdk8u131\8869\hotspot\src\share\vm\classfile\systemDictionary.cpp, line 210]
Event: 6.431 Thread 0x0000000019c8e800 Exception <a 'java/lang/ClassNotFoundException': org/gradle/api/DefaultTaskCustomizer> (0x00000000e4ba9928) thrown at [C:\re\workspace\8-2-build-windows-amd64-cygwin\jdk8u131\8869\hotspot\src\share\vm\classfile\systemDictionary.cpp, line 210]
Event: 6.433 Thread 0x0000000019c8e800 Exception <a 'java/lang/ClassNotFoundException': org/gradle/api/internal/ConventionTaskCustomizer> (0x00000000e4bea2f8) thrown at [C:\re\workspace\8-2-build-windows-amd64-cygwin\jdk8u131\8869\hotspot\src\share\vm\classfile\systemDictionary.cpp, line 210]
Event: 6.435 Thread 0x0000000019c8e800 Exception <a 'java/lang/ClassNotFoundException': org/gradle/api/tasks/DeleteCustomizer> (0x00000000e4c27688) thrown at [C:\re\workspace\8-2-build-windows-amd64-cygwin\jdk8u131\8869\hotspot\src\share\vm\classfile\systemDictionary.cpp, line 210]
Event: 6.438 Thread 0x0000000019c8e800 Exception <a 'java/lang/ClassNotFoundException': org/gradle/api/tasks/Delete_DecoratedCustomizer> (0x00000000e4c71b78) thrown at [C:\re\workspace\8-2-build-windows-amd64-cygwin\jdk8u131\8869\hotspot\src\share\vm\classfile\systemDictionary.cpp, line 210]
Event: 6.469 Thread 0x0000000019c8e800 Exception <a 'java/lang/ClassNotFoundException': build_47m20nleouc3ejs5hit494bzzBeanInfo> (0x00000000e4d917b8) thrown at [C:\re\workspace\8-2-build-windows-amd64-cygwin\jdk8u131\8869\hotspot\src\share\vm\classfile\systemDictionary.cpp, line 210]
Event: 6.470 Thread 0x0000000019c8e800 Exception <a 'java/lang/ClassNotFoundException': build_47m20nleouc3ejs5hit494bzzCustomizer> (0x00000000e4d9c9f8) thrown at [C:\re\workspace\8-2-build-windows-amd64-cygwin\jdk8u131\8869\hotspot\src\share\vm\classfile\systemDictionary.cpp, line 210]
Event: 6.478 Thread 0x0000000019c8e800 Exception <a 'java/lang/ClassNotFoundException': org/gradle/api/internal/plugins/DefaultObjectConfigurationActionBeanInfo> (0x00000000e4e0ec90) thrown at [C:\re\workspace\8-2-build-windows-amd64-cygwin\jdk8u131\8869\hotspot\src\share\vm\classfile\systemDi
Event: 6.479 Thread 0x0000000019c8e800 Exception <a 'java/lang/ClassNotFoundException': org/gradle/api/internal/plugins/DefaultObjectConfigurationActionCustomizer> (0x00000000e4e4e900) thrown at [C:\re\workspace\8-2-build-windows-amd64-cygwin\jdk8u131\8869\hotspot\src\share\vm\classfile\system

Events (10 events):
Event: 6.851 loading class javax/management/MBeanServerNotification done
Event: 6.851 Executing VM operation: BulkRevokeBias done
Event: 6.852 Executing VM operation: RevokeBias
Event: 6.852 Executing VM operation: RevokeBias done
Event: 6.853 loading class java/util/concurrent/CopyOnWriteArrayList$COWIterator
Event: 6.853 loading class java/util/concurrent/CopyOnWriteArrayList$COWIterator done
Event: 6.853 loading class javax/management/ObjectInstance
Event: 6.853 loading class javax/management/ObjectInstance done
Event: 6.854 loading class com/sun/jmx/mbeanserver/JmxMBeanServer$3
Event: 6.854 loading class com/sun/jmx/mbeanserver/JmxMBeanServer$3 done


Dynamic libraries:
0x00007ff70e4f0000 - 0x00007ff70e527000 	C:\Program Files\Java\jdk1.8.0_131\bin\java.exe
0x00007ffb1aaf0000 - 0x00007ffb1acd1000 	C:\WINDOWS\SYSTEM32\ntdll.dll
0x00007ffb195c0000 - 0x00007ffb19671000 	C:\WINDOWS\System32\KERNEL32.DLL
0x00007ffb16ec0000 - 0x00007ffb17133000 	C:\WINDOWS\System32\KERNELBASE.dll
0x00007ffb18d30000 - 0x00007ffb18dd1000 	C:\WINDOWS\System32\ADVAPI32.dll
0x00007ffb18b30000 - 0x00007ffb18bce000 	C:\WINDOWS\System32\msvcrt.dll
0x00007ffb17f80000 - 0x00007ffb17fdb000 	C:\WINDOWS\System32\sechost.dll
0x00007ffb18430000 - 0x00007ffb18554000 	C:\WINDOWS\System32\RPCRT4.dll
0x00007ffb19010000 - 0x00007ffb191a0000 	C:\WINDOWS\System32\USER32.dll
0x00007ffb172f0000 - 0x00007ffb17310000 	C:\WINDOWS\System32\win32u.dll
0x00007ffb187d0000 - 0x00007ffb187f8000 	C:\WINDOWS\System32\GDI32.dll
0x00007ffb175f0000 - 0x00007ffb17782000 	C:\WINDOWS\System32\gdi32full.dll
0x00007ffb17550000 - 0x00007ffb175ef000 	C:\WINDOWS\System32\msvcp_win.dll
0x00007ffb171f0000 - 0x00007ffb172e8000 	C:\WINDOWS\System32\ucrtbase.dll
0x00007ffb09340000 - 0x00007ffb095a9000 	C:\WINDOWS\WinSxS\amd64_microsoft.windows.common-controls_6595b64144ccf1df_6.0.17134.765_none_fb42a1a930655896\COMCTL32.dll
0x00007ffb18800000 - 0x00007ffb18b22000 	C:\WINDOWS\System32\combase.dll
0x00007ffb177f0000 - 0x00007ffb1786a000 	C:\WINDOWS\System32\bcryptPrimitives.dll
0x00007ffb19360000 - 0x00007ffb1938d000 	C:\WINDOWS\System32\IMM32.DLL
0x000000005c110000 - 0x000000005c1e2000 	C:\Program Files\Java\jdk1.8.0_131\jre\bin\msvcr100.dll
0x000000005b870000 - 0x000000005c10c000 	C:\Program Files\Java\jdk1.8.0_131\jre\bin\server\jvm.dll
0x00007ffb195b0000 - 0x00007ffb195b8000 	C:\WINDOWS\System32\PSAPI.DLL
0x00007ffb12f50000 - 0x00007ffb12f73000 	C:\WINDOWS\SYSTEM32\WINMM.dll
0x00007ffaf1250000 - 0x00007ffaf1259000 	C:\WINDOWS\SYSTEM32\WSOCK32.dll
0x00007ffb118b0000 - 0x00007ffb118ba000 	C:\WINDOWS\SYSTEM32\VERSION.dll
0x00007ffb193b0000 - 0x00007ffb1941c000 	C:\WINDOWS\System32\WS2_32.dll
0x00007ffb12f20000 - 0x00007ffb12f4a000 	C:\WINDOWS\SYSTEM32\winmmbase.dll
0x00007ffb17310000 - 0x00007ffb17359000 	C:\WINDOWS\System32\cfgmgr32.dll
0x000000005dec0000 - 0x000000005decf000 	C:\Program Files\Java\jdk1.8.0_131\jre\bin\verify.dll
0x000000005d5b0000 - 0x000000005d5d9000 	C:\Program Files\Java\jdk1.8.0_131\jre\bin\java.dll
0x000000005d700000 - 0x000000005d716000 	C:\Program Files\Java\jdk1.8.0_131\jre\bin\zip.dll
0x00007ffb19680000 - 0x00007ffb1aac0000 	C:\WINDOWS\System32\SHELL32.dll
0x00007ffb18f60000 - 0x00007ffb19009000 	C:\WINDOWS\System32\shcore.dll
0x00007ffb17870000 - 0x00007ffb17f7d000 	C:\WINDOWS\System32\windows.storage.dll
0x00007ffb18560000 - 0x00007ffb185b1000 	C:\WINDOWS\System32\shlwapi.dll
0x00007ffb16ea0000 - 0x00007ffb16eb1000 	C:\WINDOWS\System32\kernel.appcore.dll
0x00007ffb16e60000 - 0x00007ffb16e7f000 	C:\WINDOWS\System32\profapi.dll
0x00007ffb16e10000 - 0x00007ffb16e5c000 	C:\WINDOWS\System32\powrprof.dll
0x00007ffb16e00000 - 0x00007ffb16e0a000 	C:\WINDOWS\System32\FLTLIB.DLL
0x000000005d590000 - 0x000000005d5aa000 	C:\Program Files\Java\jdk1.8.0_131\jre\bin\net.dll
0x00007ffb16680000 - 0x00007ffb166e6000 	C:\WINDOWS\system32\mswsock.dll
0x000000005d570000 - 0x000000005d581000 	C:\Program Files\Java\jdk1.8.0_131\jre\bin\nio.dll
0x00007ffb053c0000 - 0x00007ffb053de000 	C:\Users\USER\.gradle\native\25\windows-amd64\native-platform.dll
0x000000005d560000 - 0x000000005d56d000 	C:\Program Files\Java\jdk1.8.0_131\jre\bin\management.dll
0x00007ffb16840000 - 0x00007ffb16857000 	C:\WINDOWS\SYSTEM32\CRYPTSP.dll
0x00007ffb16260000 - 0x00007ffb16293000 	C:\WINDOWS\system32\rsaenh.dll
0x00007ffb16960000 - 0x00007ffb16985000 	C:\WINDOWS\SYSTEM32\bcrypt.dll
0x00007ffb16d30000 - 0x00007ffb16d58000 	C:\WINDOWS\SYSTEM32\USERENV.dll
0x00007ffb16830000 - 0x00007ffb1683b000 	C:\WINDOWS\SYSTEM32\CRYPTBASE.dll
0x00007ffb16400000 - 0x00007ffb16438000 	C:\WINDOWS\SYSTEM32\IPHLPAPI.DLL
0x00007ffb19420000 - 0x00007ffb19428000 	C:\WINDOWS\System32\NSI.dll
0x00007ffb109c0000 - 0x00007ffb109d6000 	C:\WINDOWS\SYSTEM32\dhcpcsvc6.DLL
0x00007ffb10fe0000 - 0x00007ffb10ffa000 	C:\WINDOWS\SYSTEM32\dhcpcsvc.DLL

VM Arguments:
jvm_args: -Xmx1536m -Dfile.encoding=windows-1250 -Duser.country=PL -Duser.language=pl -Duser.variant 
java_command: org.gradle.launcher.daemon.bootstrap.GradleDaemon 5.1.1
java_class_path (initial): C:\Users\USER\.gradle\wrapper\dists\gradle-5.1.1-all\97z1ksx6lirer3kbvdnh7jtjg\gradle-5.1.1\lib\gradle-launcher-5.1.1.jar
Launcher Type: SUN_STANDARD

Environment Variables:
JAVA_HOME=C:\Program Files\Java/jdk1.8.0_131
CLASSPATH=C:\Udemy\Kotlin\DevByteViewer\\gradle\wrapper\gradle-wrapper.jar
USERNAME=ART_F
OS=Windows_NT
PROCESSOR_IDENTIFIER=Intel64 Family 6 Model 58 Stepping 9, GenuineIntel



---------------  S Y S T E M  ---------------

OS: Windows 10.0 , 64 bit Build 17134 (10.0.17134.753)

CPU:total 4 (initial active 4) (2 cores per cpu, 2 threads per core) family 6 model 58 stepping 9, cmov, cx8, fxsr, mmx, sse, sse2, sse3, ssse3, sse4.1, sse4.2, popcnt, avx, aes, clmul, erms, ht, tsc, tscinvbit, tscinv

Memory: 4k page, physical 12477216k(1610316k free), swap 16671520k(5836k free)

vm_info: Java HotSpot(TM) 64-Bit Server VM (25.131-b11) for windows-amd64 JRE (1.8.0_131-b11), built on Mar 15 2017 01:23:53 by "java_re" with MS VC++ 10.0 (VS2010)

time: Sun May 19 02:36:39 2019
elapsed time: 6 seconds (0d 0h 0m 6s)

